app/build/intermediates/manifest_merge_blame_file/debug/manifest-merger-blame-debug-report.txt
1<?xml version="1.0" encoding="utf-8"?>
2<manifest xmlns:android="http://schemas.android.com/apk/res/android"
3    package="com.geogreenapps.apps.indukaan"
4    android:versionCode="3"
5    android:versionName="0.3" >
6
7    <uses-sdk
8        android:minSdkVersion="24"
8-->src\main\AndroidManifest.xml
9        android:targetSdkVersion="29" />
9-->src\main\AndroidManifest.xml
10
11    <uses-permission android:name="android.permission.ACCESS_COARSE_LOCATION" />
11-->src\main\AndroidManifest.xml:5:5-81
11-->src\main\AndroidManifest.xml:5:22-78
12    <uses-permission android:name="android.permission.ACCESS_FINE_LOCATION" />
12-->src\main\AndroidManifest.xml:6:5-79
12-->src\main\AndroidManifest.xml:6:22-76
13    <uses-permission android:name="android.permission.WAKE_LOCK" />
13-->src\main\AndroidManifest.xml:7:5-68
13-->src\main\AndroidManifest.xml:7:22-65
14    <uses-permission android:name="android.permission.CALL_PHONE" />
14-->src\main\AndroidManifest.xml:8:5-69
14-->src\main\AndroidManifest.xml:8:22-66
15    <uses-permission android:name="android.permission.READ_EXTERNAL_STORAGE" />
15-->src\main\AndroidManifest.xml:9:5-80
15-->src\main\AndroidManifest.xml:9:22-77
16    <uses-permission android:name="android.permission.WRITE_EXTERNAL_STORAGE" />
16-->src\main\AndroidManifest.xml:10:5-81
16-->src\main\AndroidManifest.xml:10:22-78
17    <uses-permission android:name="android.permission.INTERNET" />
17-->src\main\AndroidManifest.xml:11:5-67
17-->src\main\AndroidManifest.xml:11:22-64
18    <uses-permission android:name="android.permission.ACCESS_NETWORK_STATE" />
18-->src\main\AndroidManifest.xml:12:5-79
18-->src\main\AndroidManifest.xml:12:22-76
19    <uses-permission android:name="android.permission.ACCESS_WIFI_STATE" />
19-->src\main\AndroidManifest.xml:13:5-76
19-->src\main\AndroidManifest.xml:13:22-73
20    <uses-permission android:name="android.permission.CAMERA" />
20-->src\main\AndroidManifest.xml:14:5-65
20-->src\main\AndroidManifest.xml:14:22-62
21    <!-- BroadcastReceiver permission to listen to the network -->
22    <uses-permission android:name="android.permission.CHANGE_WIFI_STATE" />
22-->src\main\AndroidManifest.xml:20:5-76
22-->src\main\AndroidManifest.xml:20:22-73
23    <uses-permission android:name="android.permission.CHANGE_NETWORK_STATE" />
23-->src\main\AndroidManifest.xml:21:5-79
23-->src\main\AndroidManifest.xml:21:22-76
24    <uses-permission android:name="android.permission.BLUETOOTH" />
24-->src\main\AndroidManifest.xml:22:5-68
24-->src\main\AndroidManifest.xml:22:22-65
25
26    <!-- Required OpenGL ES 2.0. for Maps V2 -->
27    <uses-feature
27-->src\main\AndroidManifest.xml:25:5-27:35
28        android:glEsVersion="0x00020000"
28-->src\main\AndroidManifest.xml:26:9-41
29        android:required="true" />
29-->src\main\AndroidManifest.xml:27:9-32
30    <uses-feature
30-->src\main\AndroidManifest.xml:28:5-30:35
31        android:name="android.hardware.location"
31-->src\main\AndroidManifest.xml:29:9-49
32        android:required="true" />
32-->src\main\AndroidManifest.xml:30:9-32
33    <uses-feature
33-->src\main\AndroidManifest.xml:31:5-33:35
34        android:name="android.hardware.location.gps"
34-->src\main\AndroidManifest.xml:32:9-53
35        android:required="true" />
35-->src\main\AndroidManifest.xml:33:9-32
36
37    <supports-screens
37-->src\main\AndroidManifest.xml:35:5-39:39
38        android:anyDensity="true"
38-->src\main\AndroidManifest.xml:36:9-34
39        android:largeScreens="true"
39-->src\main\AndroidManifest.xml:37:9-36
40        android:normalScreens="true"
40-->src\main\AndroidManifest.xml:38:9-37
41        android:smallScreens="true" />
41-->src\main\AndroidManifest.xml:39:9-36
42
43    <uses-permission android:name="android.permission.VIBRATE" /> <!-- Don't require camera, as this requires a rear camera. This allows it to work on the Nexus 7 -->
43-->[com.wdullaer:materialdatetimepicker:3.2.0] AndroidManifest.xml:26:5-66
43-->[com.wdullaer:materialdatetimepicker:3.2.0] AndroidManifest.xml:26:22-63
44    <uses-feature
44-->[com.journeyapps:zxing-android-embedded:4.1.0] AndroidManifest.xml:25:5-27:36
45        android:name="android.hardware.camera"
45-->[com.journeyapps:zxing-android-embedded:4.1.0] AndroidManifest.xml:26:9-47
46        android:required="false" />
46-->[com.journeyapps:zxing-android-embedded:4.1.0] AndroidManifest.xml:27:9-33
47    <uses-feature
47-->[com.journeyapps:zxing-android-embedded:4.1.0] AndroidManifest.xml:28:5-30:36
48        android:name="android.hardware.camera.front"
48-->[com.journeyapps:zxing-android-embedded:4.1.0] AndroidManifest.xml:29:9-53
49        android:required="false" /> <!-- TODO replace above two with next line after Android 4.2 -->
49-->[com.journeyapps:zxing-android-embedded:4.1.0] AndroidManifest.xml:30:9-33
50    <!-- <uses-feature android:name="android.hardware.camera.any"/> -->
51    <uses-feature
51-->[com.journeyapps:zxing-android-embedded:4.1.0] AndroidManifest.xml:33:5-35:36
52        android:name="android.hardware.camera.autofocus"
52-->[com.journeyapps:zxing-android-embedded:4.1.0] AndroidManifest.xml:34:9-57
53        android:required="false" />
53-->[com.journeyapps:zxing-android-embedded:4.1.0] AndroidManifest.xml:35:9-33
54    <uses-feature
54-->[com.journeyapps:zxing-android-embedded:4.1.0] AndroidManifest.xml:36:5-38:36
55        android:name="android.hardware.camera.flash"
55-->[com.journeyapps:zxing-android-embedded:4.1.0] AndroidManifest.xml:37:9-53
56        android:required="false" />
56-->[com.journeyapps:zxing-android-embedded:4.1.0] AndroidManifest.xml:38:9-33
57    <uses-feature
57-->[com.journeyapps:zxing-android-embedded:4.1.0] AndroidManifest.xml:39:5-41:36
58        android:name="android.hardware.screen.landscape"
58-->[com.journeyapps:zxing-android-embedded:4.1.0] AndroidManifest.xml:40:9-57
59        android:required="false" />
59-->[com.journeyapps:zxing-android-embedded:4.1.0] AndroidManifest.xml:41:9-33
60    <uses-feature
60-->[com.journeyapps:zxing-android-embedded:4.1.0] AndroidManifest.xml:42:5-44:36
61        android:name="android.hardware.wifi"
61-->[com.journeyapps:zxing-android-embedded:4.1.0] AndroidManifest.xml:43:9-45
62        android:required="false" /> <!-- Required by older versions of Google Play services to create IID tokens -->
62-->[com.journeyapps:zxing-android-embedded:4.1.0] AndroidManifest.xml:44:9-33
63    <uses-permission android:name="com.google.android.c2dm.permission.RECEIVE" />
63-->[com.google.firebase:firebase-iid:21.0.1] AndroidManifest.xml:26:5-82
63-->[com.google.firebase:firebase-iid:21.0.1] AndroidManifest.xml:26:22-79
64    <uses-permission android:name="com.google.android.finsky.permission.BIND_GET_INSTALL_REFERRER_SERVICE" /> <!-- Android package visibility setting -->
64-->[com.google.android.gms:play-services-measurement:18.0.2] AndroidManifest.xml:26:5-110
64-->[com.google.android.gms:play-services-measurement:18.0.2] AndroidManifest.xml:26:22-107
65    <queries>
65-->[com.google.android.gms:play-services-ads-lite:19.7.0] AndroidManifest.xml:27:5-43:15
66
67        <!-- For browser content -->
68        <intent>
68-->[com.google.android.gms:play-services-ads-lite:19.7.0] AndroidManifest.xml:30:9-36:18
69            <action android:name="android.intent.action.VIEW" />
69-->src\main\AndroidManifest.xml:135:17-69
69-->src\main\AndroidManifest.xml:135:25-66
70
71            <category android:name="android.intent.category.BROWSABLE" />
71-->src\main\AndroidManifest.xml:138:17-78
71-->src\main\AndroidManifest.xml:138:27-75
72
73            <data android:scheme="https" />
73-->src\main\AndroidManifest.xml:141:17-144:46
73-->src\main\AndroidManifest.xml:144:21-43
74        </intent>
75        <!-- End of browser content -->
76        <!-- For CustomTabsService -->
77        <intent>
77-->[com.google.android.gms:play-services-ads-lite:19.7.0] AndroidManifest.xml:30:9-36:18
78            <action android:name="android.support.customtabs.action.CustomTabsService" />
79        </intent>
80        <!-- End of CustomTabsService -->
81    </queries>
82
83    <uses-permission android:name="android.permission.RECEIVE_BOOT_COMPLETED" />
83-->[androidx.work:work-runtime:2.1.0] AndroidManifest.xml:27:5-81
83-->[androidx.work:work-runtime:2.1.0] AndroidManifest.xml:27:22-78
84
85    <application
85-->src\main\AndroidManifest.xml:41:5-364:19
86        android:name="com.geogreenapps.apps.indukaan.AppController"
86-->src\main\AndroidManifest.xml:42:9-68
87        android:allowBackup="true"
87-->src\main\AndroidManifest.xml:43:9-35
88        android:appComponentFactory="androidx.core.app.CoreComponentFactory"
88-->[androidx.core:core:1.2.0] AndroidManifest.xml:24:18-86
89        android:debuggable="true"
90        android:extractNativeLibs="false"
91        android:icon="@mipmap/ic_launcher"
91-->src\main\AndroidManifest.xml:44:9-43
92        android:label="@string/app_name"
92-->src\main\AndroidManifest.xml:45:9-41
93        android:largeHeap="true"
93-->src\main\AndroidManifest.xml:46:9-33
94        android:networkSecurityConfig="@xml/network_security_config"
94-->src\main\AndroidManifest.xml:48:9-69
95        android:supportsRtl="true"
95-->src\main\AndroidManifest.xml:47:9-35
96        android:testOnly="true"
97        android:theme="@style/AppTheme" >
97-->src\main\AndroidManifest.xml:49:9-40
98        <uses-library
98-->src\main\AndroidManifest.xml:52:9-54:40
99            android:name="org.apache.http.legacy"
99-->src\main\AndroidManifest.xml:53:13-50
100            android:required="false" />
100-->src\main\AndroidManifest.xml:54:13-37
101
102        <!-- Goolge Maps API Key -->
103        <meta-data
103-->src\main\AndroidManifest.xml:57:9-59:52
104            android:name="com.google.android.geo.API_KEY"
104-->src\main\AndroidManifest.xml:58:13-58
105            android:value="@string/map_api_key0" />
105-->src\main\AndroidManifest.xml:59:13-49
106        <meta-data
106-->src\main\AndroidManifest.xml:61:9-63:49
107            android:name="com.google.android.gms.ads.APPLICATION_ID"
107-->src\main\AndroidManifest.xml:62:13-69
108            android:value="@string/ad_app_id" />
108-->src\main\AndroidManifest.xml:63:13-46
109
110        <service android:name="com.geogreenapps.apps.indukaan.push_notification_firebase.FirebaseMessagingService" >
110-->src\main\AndroidManifest.xml:65:9-69:19
110-->src\main\AndroidManifest.xml:65:18-115
111            <intent-filter>
111-->src\main\AndroidManifest.xml:66:13-68:29
112                <action android:name="com.google.firebase.MESSAGING_EVENT" />
112-->src\main\AndroidManifest.xml:67:17-78
112-->src\main\AndroidManifest.xml:67:25-75
113            </intent-filter>
114        </service>
115        <service android:name="com.geogreenapps.apps.indukaan.push_notification_firebase.FirebaseInstanceIDService" >
115-->src\main\AndroidManifest.xml:70:9-74:19
115-->src\main\AndroidManifest.xml:70:18-116
116            <intent-filter>
116-->src\main\AndroidManifest.xml:71:13-73:29
117                <action android:name="com.google.firebase.INSTANCE_ID_EVENT" />
117-->src\main\AndroidManifest.xml:72:17-80
117-->src\main\AndroidManifest.xml:72:25-77
118            </intent-filter>
119        </service>
120
121        <activity
121-->src\main\AndroidManifest.xml:77:9-80:64
122            android:name="com.google.android.gms.ads.AdActivity"
122-->src\main\AndroidManifest.xml:78:13-65
123            android:configChanges="keyboard|keyboardHidden|orientation|screenLayout|uiMode|screenSize|smallestScreenSize"
123-->src\main\AndroidManifest.xml:79:13-122
124            android:exported="false"
124-->[com.google.android.gms:play-services-ads-lite:19.7.0] AndroidManifest.xml:51:13-37
125            android:theme="@android:style/Theme.Translucent" />
125-->src\main\AndroidManifest.xml:80:13-61
126
127        <receiver android:name="com.geogreenapps.apps.indukaan.dtmessenger.DCMBroadcastReceiver" >
127-->src\main\AndroidManifest.xml:83:9-88:20
127-->src\main\AndroidManifest.xml:83:19-97
128            <intent-filter>
128-->src\main\AndroidManifest.xml:84:13-87:29
129                <action android:name="android.net.conn.CONNECTIVITY_CHANGE" />
129-->src\main\AndroidManifest.xml:85:17-79
129-->src\main\AndroidManifest.xml:85:25-76
130                <action android:name="android.net.wifi.WIFI_STATE_CHANGED" />
130-->src\main\AndroidManifest.xml:86:17-78
130-->src\main\AndroidManifest.xml:86:25-75
131            </intent-filter>
132        </receiver>
133
134        <activity
134-->src\main\AndroidManifest.xml:90:9-94:11
135            android:name="com.geogreenapps.apps.indukaan.activities.IntroSliderActivity"
135-->src\main\AndroidManifest.xml:91:13-89
136            android:screenOrientation="portrait" />
136-->src\main\AndroidManifest.xml:92:13-49
137        <activity
137-->src\main\AndroidManifest.xml:97:9-99:52
138            android:name="com.geogreenapps.apps.indukaan.activities.MessengerActivity"
138-->src\main\AndroidManifest.xml:98:13-87
139            android:screenOrientation="portrait" />
139-->src\main\AndroidManifest.xml:99:13-49
140        <activity
140-->src\main\AndroidManifest.xml:101:9-103:52
141            android:name="com.geogreenapps.apps.indukaan.activities.ReviewsActivity"
141-->src\main\AndroidManifest.xml:102:13-85
142            android:screenOrientation="portrait" />
142-->src\main\AndroidManifest.xml:103:13-49
143        <activity
143-->src\main\AndroidManifest.xml:105:9-107:52
144            android:name="com.geogreenapps.apps.indukaan.activities.ProductsActivity"
144-->src\main\AndroidManifest.xml:106:13-86
145            android:screenOrientation="portrait" />
145-->src\main\AndroidManifest.xml:107:13-49
146        <activity
146-->src\main\AndroidManifest.xml:110:9-112:52
147            android:name="com.geogreenapps.apps.indukaan.activities.ListUsersActivity"
147-->src\main\AndroidManifest.xml:111:13-87
148            android:screenOrientation="portrait" />
148-->src\main\AndroidManifest.xml:112:13-49
149        <activity
149-->src\main\AndroidManifest.xml:115:9-117:52
150            android:name="com.geogreenapps.apps.indukaan.activities.InboxActivity"
150-->src\main\AndroidManifest.xml:116:13-83
151            android:screenOrientation="portrait" />
151-->src\main\AndroidManifest.xml:117:13-49
152        <activity
152-->src\main\AndroidManifest.xml:119:9-123:63
153            android:name="com.wuadam.awesomewebview.AwesomeWebViewActivity"
153-->src\main\AndroidManifest.xml:120:13-76
154            android:configChanges="keyboardHidden|orientation|screenSize"
154-->src\main\AndroidManifest.xml:121:13-74
155            android:hardwareAccelerated="true"
155-->src\main\AndroidManifest.xml:122:13-47
156            android:theme="@style/FinestWebViewTheme.Light" />
156-->src\main\AndroidManifest.xml:123:13-60
157        <activity
157-->src\main\AndroidManifest.xml:126:9-128:52
158            android:name="com.geogreenapps.apps.indukaan.activities.MainActivity"
158-->src\main\AndroidManifest.xml:127:13-82
159            android:screenOrientation="portrait" />
159-->src\main\AndroidManifest.xml:128:13-49
160        <activity
160-->src\main\AndroidManifest.xml:131:9-173:20
161            android:name="com.geogreenapps.apps.indukaan.activities.ProductDetailActivity"
161-->src\main\AndroidManifest.xml:132:13-91
162            android:screenOrientation="portrait" >
162-->src\main\AndroidManifest.xml:133:13-49
163            <intent-filter android:label="@string/_DP_PRODUCT_MESSAGE" >
163-->src\main\AndroidManifest.xml:134:13-171:29
163-->src\main\AndroidManifest.xml:134:28-71
164                <action android:name="android.intent.action.VIEW" />
164-->src\main\AndroidManifest.xml:135:17-69
164-->src\main\AndroidManifest.xml:135:25-66
165
166                <category android:name="android.intent.category.DEFAULT" />
166-->src\main\AndroidManifest.xml:137:17-76
166-->src\main\AndroidManifest.xml:137:27-73
167                <category android:name="android.intent.category.BROWSABLE" />
167-->src\main\AndroidManifest.xml:138:17-78
167-->src\main\AndroidManifest.xml:138:27-75
168                <!-- Accepts URIs that begin with "http://www.example.com/gizmos” -->
169
170                <data
170-->src\main\AndroidManifest.xml:141:17-144:46
171                    android:host="@string/_DP_HOST_NAME"
171-->src\main\AndroidManifest.xml:142:21-57
172                    android:pathPrefix="@string/DP_PATH_PREFIX_OFFER"
172-->src\main\AndroidManifest.xml:143:21-70
173                    android:scheme="nsapp" />
173-->src\main\AndroidManifest.xml:144:21-43
174                <data
174-->src\main\AndroidManifest.xml:141:17-144:46
175                    android:host="@string/_DP_HOST_NAME"
175-->src\main\AndroidManifest.xml:142:21-57
176                    android:pathPrefix="@string/DP_PATH_PREFIX_OFFER"
176-->src\main\AndroidManifest.xml:143:21-70
177                    android:scheme="http" />
177-->src\main\AndroidManifest.xml:144:21-43
178                <data
178-->src\main\AndroidManifest.xml:141:17-144:46
179                    android:host="@string/_DP_HOST_NAME"
179-->src\main\AndroidManifest.xml:142:21-57
180                    android:pathPrefix="@string/DP_PATH_PREFIX_OFFER"
180-->src\main\AndroidManifest.xml:143:21-70
181                    android:scheme="https" />
181-->src\main\AndroidManifest.xml:144:21-43
182
183                <!-- WITH INDEX -->
184                <data
184-->src\main\AndroidManifest.xml:141:17-144:46
185                    android:host="@string/_DP_HOST_NAME"
185-->src\main\AndroidManifest.xml:142:21-57
186                    android:pathPrefix="@string/DP_PATH_PREFIX_PRODUCT_INDEX"
186-->src\main\AndroidManifest.xml:143:21-70
187                    android:scheme="nsapp" />
187-->src\main\AndroidManifest.xml:144:21-43
188                <data
188-->src\main\AndroidManifest.xml:141:17-144:46
189                    android:host="@string/_DP_HOST_NAME"
189-->src\main\AndroidManifest.xml:142:21-57
190                    android:pathPrefix="@string/DP_PATH_PREFIX_PRODUCT_INDEX"
190-->src\main\AndroidManifest.xml:143:21-70
191                    android:scheme="http" />
191-->src\main\AndroidManifest.xml:144:21-43
192                <data
192-->src\main\AndroidManifest.xml:141:17-144:46
193                    android:host="@string/_DP_HOST_NAME"
193-->src\main\AndroidManifest.xml:142:21-57
194                    android:pathPrefix="@string/DP_PATH_PREFIX_PRODUCT_INDEX"
194-->src\main\AndroidManifest.xml:143:21-70
195                    android:scheme="https" />
195-->src\main\AndroidManifest.xml:144:21-43
196            </intent-filter>
197        </activity>
198        <activity
198-->src\main\AndroidManifest.xml:176:9-220:20
199            android:name="com.geogreenapps.apps.indukaan.activities.StoreDetailActivity"
199-->src\main\AndroidManifest.xml:177:13-89
200            android:screenOrientation="portrait" >
200-->src\main\AndroidManifest.xml:178:13-49
201            <intent-filter android:label="@string/_DP_STORE_MESSAGE" >
201-->src\main\AndroidManifest.xml:179:13-219:29
201-->src\main\AndroidManifest.xml:179:28-69
202                <action android:name="android.intent.action.VIEW" />
202-->src\main\AndroidManifest.xml:135:17-69
202-->src\main\AndroidManifest.xml:135:25-66
203
204                <category android:name="android.intent.category.DEFAULT" />
204-->src\main\AndroidManifest.xml:137:17-76
204-->src\main\AndroidManifest.xml:137:27-73
205                <category android:name="android.intent.category.BROWSABLE" />
205-->src\main\AndroidManifest.xml:138:17-78
205-->src\main\AndroidManifest.xml:138:27-75
206                <!-- Accepts URIs that begin with "http://www.example.com/gizmos” -->
207
208                <data
208-->src\main\AndroidManifest.xml:141:17-144:46
209                    android:host="@string/_DP_HOST_NAME"
209-->src\main\AndroidManifest.xml:142:21-57
210                    android:pathPrefix="@string/DP_PATH_PREFIX_STORE"
210-->src\main\AndroidManifest.xml:143:21-70
211                    android:scheme="nsapp" />
211-->src\main\AndroidManifest.xml:144:21-43
212                <data
212-->src\main\AndroidManifest.xml:141:17-144:46
213                    android:host="@string/_DP_HOST_NAME"
213-->src\main\AndroidManifest.xml:142:21-57
214                    android:pathPrefix="@string/DP_PATH_PREFIX_STORE"
214-->src\main\AndroidManifest.xml:143:21-70
215                    android:scheme="http" />
215-->src\main\AndroidManifest.xml:144:21-43
216                <data
216-->src\main\AndroidManifest.xml:141:17-144:46
217                    android:host="@string/_DP_HOST_NAME"
217-->src\main\AndroidManifest.xml:142:21-57
218                    android:pathPrefix="@string/DP_PATH_PREFIX_STORE"
218-->src\main\AndroidManifest.xml:143:21-70
219                    android:scheme="https" />
219-->src\main\AndroidManifest.xml:144:21-43
220
221                <!-- WITH INDEX -->
222                <data
222-->src\main\AndroidManifest.xml:141:17-144:46
223                    android:host="@string/_DP_HOST_NAME"
223-->src\main\AndroidManifest.xml:142:21-57
224                    android:pathPrefix="@string/DP_PATH_PREFIX_STORE_INDEX"
224-->src\main\AndroidManifest.xml:143:21-70
225                    android:scheme="nsapp" />
225-->src\main\AndroidManifest.xml:144:21-43
226                <data
226-->src\main\AndroidManifest.xml:141:17-144:46
227                    android:host="@string/_DP_HOST_NAME"
227-->src\main\AndroidManifest.xml:142:21-57
228                    android:pathPrefix="@string/DP_PATH_PREFIX_STORE_INDEX"
228-->src\main\AndroidManifest.xml:143:21-70
229                    android:scheme="http" />
229-->src\main\AndroidManifest.xml:144:21-43
230                <data
230-->src\main\AndroidManifest.xml:141:17-144:46
231                    android:host="@string/_DP_HOST_NAME"
231-->src\main\AndroidManifest.xml:142:21-57
232                    android:pathPrefix="@string/DP_PATH_PREFIX_STORE_INDEX"
232-->src\main\AndroidManifest.xml:143:21-70
233                    android:scheme="https" />
233-->src\main\AndroidManifest.xml:144:21-43
234
235                <!-- note that the leading "/" is required for pathPrefix -->
236            </intent-filter>
237        </activity>
238        <activity
238-->src\main\AndroidManifest.xml:222:9-224:52
239            android:name="com.geogreenapps.apps.indukaan.activities.MapDirectionActivity"
239-->src\main\AndroidManifest.xml:223:13-90
240            android:screenOrientation="portrait" />
240-->src\main\AndroidManifest.xml:224:13-49
241        <activity
241-->src\main\AndroidManifest.xml:226:9-228:52
242            android:name="com.geogreenapps.apps.indukaan.activities.MapStoresListActivity"
242-->src\main\AndroidManifest.xml:227:13-91
243            android:screenOrientation="portrait" />
243-->src\main\AndroidManifest.xml:228:13-49
244        <activity
244-->src\main\AndroidManifest.xml:231:9-233:52
245            android:name="com.geogreenapps.apps.indukaan.activities.AboutActivity"
245-->src\main\AndroidManifest.xml:232:13-83
246            android:screenOrientation="portrait" />
246-->src\main\AndroidManifest.xml:233:13-49
247        <activity
247-->src\main\AndroidManifest.xml:235:9-237:52
248            android:name="com.geogreenapps.apps.indukaan.activities.EditProfileActivity"
248-->src\main\AndroidManifest.xml:236:13-89
249            android:screenOrientation="portrait" />
249-->src\main\AndroidManifest.xml:237:13-49
250        <activity
250-->src\main\AndroidManifest.xml:239:9-241:52
251            android:name="com.geogreenapps.apps.indukaan.activities.CategoriesActivity"
251-->src\main\AndroidManifest.xml:240:13-88
252            android:screenOrientation="portrait" />
252-->src\main\AndroidManifest.xml:241:13-49
253        <activity
253-->src\main\AndroidManifest.xml:243:9-245:52
254            android:name="com.geogreenapps.apps.indukaan.activities.ListStoresActivity"
254-->src\main\AndroidManifest.xml:244:13-88
255            android:screenOrientation="portrait" />
255-->src\main\AndroidManifest.xml:245:13-49
256        <activity
256-->src\main\AndroidManifest.xml:247:9-249:52
257            android:name="com.geogreenapps.apps.indukaan.activities.LoginActivity"
257-->src\main\AndroidManifest.xml:248:13-83
258            android:screenOrientation="portrait" />
258-->src\main\AndroidManifest.xml:249:13-49
259        <activity
259-->src\main\AndroidManifest.xml:251:9-253:52
260            android:name="com.geogreenapps.apps.indukaan.activities.BookmarkActivity"
260-->src\main\AndroidManifest.xml:252:13-86
261            android:screenOrientation="portrait" />
261-->src\main\AndroidManifest.xml:253:13-49
262        <activity
262-->src\main\AndroidManifest.xml:255:9-257:52
263            android:name="com.geogreenapps.apps.indukaan.activities.SignupActivity"
263-->src\main\AndroidManifest.xml:256:13-84
264            android:screenOrientation="portrait" />
264-->src\main\AndroidManifest.xml:257:13-49
265        <activity
265-->src\main\AndroidManifest.xml:259:9-266:20
266            android:name="com.geogreenapps.apps.indukaan.activities.SplashActivity"
266-->src\main\AndroidManifest.xml:260:13-84
267            android:screenOrientation="portrait" >
267-->src\main\AndroidManifest.xml:261:13-49
268            <intent-filter>
268-->src\main\AndroidManifest.xml:262:13-265:29
269                <action android:name="android.intent.action.MAIN" />
269-->src\main\AndroidManifest.xml:263:17-69
269-->src\main\AndroidManifest.xml:263:25-66
270
271                <category android:name="android.intent.category.LAUNCHER" />
271-->src\main\AndroidManifest.xml:264:17-77
271-->src\main\AndroidManifest.xml:264:27-74
272            </intent-filter>
273        </activity>
274        <activity
274-->src\main\AndroidManifest.xml:268:9-270:52
275            android:name="com.geogreenapps.apps.indukaan.activities.SettingActivity"
275-->src\main\AndroidManifest.xml:269:13-85
276            android:screenOrientation="portrait" />
276-->src\main\AndroidManifest.xml:270:13-49
277        <activity
277-->src\main\AndroidManifest.xml:272:9-274:52
278            android:name="com.geogreenapps.apps.indukaan.activities.SliderActivity"
278-->src\main\AndroidManifest.xml:273:13-84
279            android:screenOrientation="portrait" />
279-->src\main\AndroidManifest.xml:274:13-49
280        <activity
280-->src\main\AndroidManifest.xml:276:9-278:52
281            android:name="com.geogreenapps.apps.indukaan.activities.GalleryActivity"
281-->src\main\AndroidManifest.xml:277:13-85
282            android:screenOrientation="portrait" />
282-->src\main\AndroidManifest.xml:278:13-49
283        <activity
283-->src\main\AndroidManifest.xml:280:9-282:74
284            android:name="com.geogreenapps.apps.indukaan.activities.MapMarkerPosition"
284-->src\main\AndroidManifest.xml:281:13-87
285            android:label="@string/title_activity_map_marker_position" />
285-->src\main\AndroidManifest.xml:282:13-71
286        <activity
286-->src\main\AndroidManifest.xml:284:9-286:52
287            android:name="com.geogreenapps.apps.indukaan.activities.NotificationActivity"
287-->src\main\AndroidManifest.xml:285:13-90
288            android:screenOrientation="portrait" />
288-->src\main\AndroidManifest.xml:286:13-49
289        <activity
289-->src\main\AndroidManifest.xml:289:9-291:52
290            android:name="com.geogreenapps.apps.indukaan.activities.OrderCheckoutActivity"
290-->src\main\AndroidManifest.xml:290:13-91
291            android:screenOrientation="portrait" />
291-->src\main\AndroidManifest.xml:291:13-49
292        <activity
292-->src\main\AndroidManifest.xml:294:9-296:52
293            android:name="com.geogreenapps.apps.indukaan.activities.ListOrdersActivity"
293-->src\main\AndroidManifest.xml:295:13-88
294            android:screenOrientation="portrait" />
294-->src\main\AndroidManifest.xml:296:13-49
295        <activity
295-->src\main\AndroidManifest.xml:299:9-301:52
296            android:name="com.geogreenapps.apps.indukaan.helper.OauthActivity"
296-->src\main\AndroidManifest.xml:300:13-79
297            android:screenOrientation="portrait" />
297-->src\main\AndroidManifest.xml:301:13-49
298        <activity
298-->src\main\AndroidManifest.xml:304:9-306:52
299            android:name="com.geogreenapps.apps.indukaan.customview.AdvancedWebViewActivity"
299-->src\main\AndroidManifest.xml:305:13-93
300            android:screenOrientation="portrait" />
300-->src\main\AndroidManifest.xml:306:13-49
301        <activity
301-->src\main\AndroidManifest.xml:308:9-310:52
302            android:name="com.geogreenapps.apps.indukaan.activities.ListDiscussionsActivity"
302-->src\main\AndroidManifest.xml:309:13-93
303            android:screenOrientation="portrait" />
303-->src\main\AndroidManifest.xml:310:13-49
304        <activity
304-->src\main\AndroidManifest.xml:312:9-314:52
305            android:name="com.geogreenapps.apps.indukaan.activities.ProductVariantsActivity"
305-->src\main\AndroidManifest.xml:313:13-93
306            android:screenOrientation="portrait" />
306-->src\main\AndroidManifest.xml:314:13-49
307        <activity
307-->src\main\AndroidManifest.xml:316:9-318:52
308            android:name="com.geogreenapps.apps.indukaan.activities.ProductCartActivity"
308-->src\main\AndroidManifest.xml:317:13-89
309            android:screenOrientation="portrait" />
309-->src\main\AndroidManifest.xml:318:13-49
310        <activity
310-->src\main\AndroidManifest.xml:320:9-322:52
311            android:name="com.geogreenapps.apps.indukaan.activities.OfferDetailActivity"
311-->src\main\AndroidManifest.xml:321:13-89
312            android:screenOrientation="portrait" />
312-->src\main\AndroidManifest.xml:322:13-49
313        <activity
313-->src\main\AndroidManifest.xml:324:9-326:52
314            android:name="com.geogreenapps.apps.indukaan.activities.OffersListActivity"
314-->src\main\AndroidManifest.xml:325:13-88